============================= test session starts ==============================
platform linux -- Python 3.12.10, pytest-8.3.5, pluggy-1.6.0
rootdir: /workspaces/template.python.package
configfile: pyproject.toml
plugins: xdist-3.7.0, cov-6.1.1
collected 3 items

tests/test_greetings.py ...                                              [100%]

-- generated xml file: /workspaces/template.python.package/pytest-results.xml --
================================ tests coverage ================================
_______________ coverage: platform linux, python 3.12.10-final-0 _______________

Name                                                      Stmts   Miss  Cover
-----------------------------------------------------------------------------
src/hungovercoders_template_python_package/__init__.py        1      0   100%
src/hungovercoders_template_python_package/greetings.py       8      0   100%
-----------------------------------------------------------------------------
TOTAL                                                         9      0   100%
Coverage XML written to file coverage.xml
============================== 3 passed in 0.10s ===============================
