
Transcrypt (TM) Python to JavaScript Small Sane Subset Transpiler Version 3.9.2
Copyright (C) Geatec Engineering. License: Apache 2.0


Performing static type validation on application: //home/data/Python/Transcrypt/repo_transcrypt/transcrypt/modules/org/transcrypt/__runtime__.py
The following inconsistencies were found:
	Success: no issues found in 1 source file
	

Checking: //home/data/Python/Transcrypt/repo_transcrypt/transcrypt/modules/org/transcrypt/__runtime__.py
	Internal error in lightweight consistency checker, remainder of module skipped
Saving target code in: /home/data/Python/Transcrypt/repo_transcrypt/transcrypt/development/manual_tests/static_types/__target__/org.transcrypt.__runtime__.js
Performing static type validation on application: /home/data/Python/Transcrypt/repo_transcrypt/transcrypt/development/manual_tests/static_types/static_types.py
The following inconsistencies were found:
	transcrypt/development/manual_tests/static_types/static_types.py:8: error: Incompatible types in assignment (expression has type "float", variable has type "int")  [assignment]
	transcrypt/development/manual_tests/static_types/static_types.py:16: error: Incompatible return value type (got "int", expected "Iterator[int]")  [return-value]
	transcrypt/development/manual_tests/static_types/static_types.py:19: error: No return value expected  [return-value]
	transcrypt/development/manual_tests/static_types/static_types.py:26: error: No return value expected  [return-value]
	Found 4 errors in 1 file (checked 1 source file)
	

Checking: /home/data/Python/Transcrypt/repo_transcrypt/transcrypt/development/manual_tests/static_types/static_types.py
	Internal error in lightweight consistency checker, remainder of module skipped
Performing static type validation on application: /home/data/Python/Transcrypt/repo_transcrypt/transcrypt/development/manual_tests/static_types/mod2/__init__.py
The following inconsistencies were found:
	transcrypt/development/manual_tests/static_types/mod2/__init__.py:2: error: Incompatible return value type (got "int", expected "str")  [return-value]
	Found 1 error in 1 file (checked 1 source file)
	

Checking: /home/data/Python/Transcrypt/repo_transcrypt/transcrypt/development/manual_tests/static_types/mod2/__init__.py
	Internal error in lightweight consistency checker, remainder of module skipped
Saving target code in: /home/data/Python/Transcrypt/repo_transcrypt/transcrypt/development/manual_tests/static_types/__target__/mod2.js
Performing static type validation on application: /home/data/Python/Transcrypt/repo_transcrypt/transcrypt/development/manual_tests/static_types/mod1.py
The following inconsistencies were found:
	transcrypt/development/manual_tests/static_types/mod1.py:3: error: Incompatible types in assignment (expression has type "float", variable has type "int")  [assignment]
	transcrypt/development/manual_tests/static_types/mod1.py:4: error: Incompatible return value type (got "str", expected "int")  [return-value]
	Found 2 errors in 1 file (checked 1 source file)
	

Checking: /home/data/Python/Transcrypt/repo_transcrypt/transcrypt/development/manual_tests/static_types/mod1.py
	Internal error in lightweight consistency checker, remainder of module skipped
Saving target code in: /home/data/Python/Transcrypt/repo_transcrypt/transcrypt/development/manual_tests/static_types/__target__/mod1.js
Performing static type validation on application: //home/data/Python/Transcrypt/repo_transcrypt/transcrypt/modules/typing/__init__.py
The following inconsistencies were found:
	Success: no issues found in 1 source file
	

Checking: //home/data/Python/Transcrypt/repo_transcrypt/transcrypt/modules/typing/__init__.py
	Internal error in lightweight consistency checker, remainder of module skipped
Saving target code in: /home/data/Python/Transcrypt/repo_transcrypt/transcrypt/development/manual_tests/static_types/__target__/typing.js
Saving target code in: /home/data/Python/Transcrypt/repo_transcrypt/transcrypt/development/manual_tests/static_types/__target__/static_types.js

Ready


